<?xml version="1.0" encoding="UTF-8"?>
<!-- Generated by org.testng.reporters.JUnitReportReporter -->
<testsuite skipped="0" hostname="LAPTOP-I2DQ2R0M" name="MyAccount.com.Test.Appliances" tests="2" failures="0" timestamp="03 Sep 2019 12:25:34 GMT" time="54.837" errors="0">
  <testcase name="Create_Appliance" time="27.178" classname="MyAccount.com.Test.Appliances"/>
  <testcase name="Terminate_Appliance" time="27.659" classname="MyAccount.com.Test.Appliances"/>
</testsuite> <!-- MyAccount.com.Test.Appliances -->
