<?xml version="1.0" encoding="UTF-8"?>
<!-- Generated by org.testng.reporters.JUnitReportReporter -->
<testsuite skipped="0" hostname="LAPTOP-I2DQ2R0M" name="MyAccount.com.Test.API" tests="1" failures="0" timestamp="01 Jul 2019 12:33:59 GMT" time="44.778" errors="0">
  <testcase name="Generate_Token" time="44.778" classname="MyAccount.com.Test.API"/>
</testsuite> <!-- MyAccount.com.Test.API -->
