<?xml version="1.0" encoding="UTF-8"?>
<!-- Generated by org.testng.reporters.JUnitReportReporter -->
<testsuite skipped="0" hostname="LAPTOP-L985K8DT" name="MyAcount.com.Base.TestBase" tests="1" failures="0" timestamp="09 May 2019 11:37:59 GMT" time="8.203" errors="0">
  <testcase name="inititalization" time="8.203" classname="MyAcount.com.Base.TestBase"/>
</testsuite> <!-- MyAcount.com.Base.TestBase -->
