<?xml version="1.0" encoding="UTF-8"?>
<!-- Generated by org.testng.reporters.JUnitReportReporter -->
<testsuite skipped="1" hostname="LAPTOP-I2DQ2R0M" name="MyAccount.com.Test.dataproviderwithexcel" tests="1" failures="0" timestamp="14 Jun 2019 05:20:38 GMT" time="0.000" errors="0">
  <testcase name="Registration_data" time="0.000" classname="MyAccount.com.Test.dataproviderwithexcel">
    <skipped/>
  </testcase> <!-- Registration_data -->
</testsuite> <!-- MyAccount.com.Test.dataproviderwithexcel -->
