<?xml version="1.0" encoding="UTF-8"?>
<!-- Generated by org.testng.reporters.JUnitReportReporter -->
<testsuite skipped="0" hostname="LAPTOP-I2DQ2R0M" name="MyAccount.com.Test.Appliances" tests="2" failures="0" timestamp="01 Jul 2019 12:33:59 GMT" time="91.355" errors="0">
  <testcase name="Create_Appliance" time="61.327" classname="MyAccount.com.Test.Appliances"/>
  <testcase name="Terminate_Appliance" time="30.028" classname="MyAccount.com.Test.Appliances"/>
</testsuite> <!-- MyAccount.com.Test.Appliances -->
