<?xml version="1.0" encoding="UTF-8"?>
<!-- Generated by org.testng.reporters.JUnitReportReporter -->
<testsuite skipped="0" hostname="LAPTOP-I2DQ2R0M" name="MyAccount.com.Test.LoginPageTest" tests="2" failures="0" timestamp="10 Jul 2019 06:51:40 GMT" time="22.865" errors="0">
  <testcase name="login" time="2.080" classname="MyAccount.com.Test.LoginPageTest"/>
  <testcase name="Close" time="20.785" classname="MyAccount.com.Test.LoginPageTest"/>
</testsuite> <!-- MyAccount.com.Test.LoginPageTest -->
