<?xml version="1.0" encoding="UTF-8"?>
<!-- Generated by org.testng.reporters.JUnitReportReporter -->
<testsuite skipped="0" hostname="LAPTOP-I2DQ2R0M" name="MyAccount.com.Test.CreateNodePageTest" tests="1" failures="0" timestamp="03 Sep 2019 09:13:00 GMT" time="81.271" errors="0">
  <testcase name="createnode" time="81.271" classname="MyAccount.com.Test.CreateNodePageTest"/>
</testsuite> <!-- MyAccount.com.Test.CreateNodePageTest -->
