<?xml version="1.0" encoding="UTF-8"?>
<!-- Generated by org.testng.reporters.JUnitReportReporter -->
<testsuite skipped="0" hostname="LAPTOP-I2DQ2R0M" name="MyAccount.com.Test.DashboardTest" tests="5" failures="0" timestamp="01 Jul 2019 12:33:59 GMT" time="251.558" errors="0">
  <testcase name="CreateNode" time="79.268" classname="MyAccount.com.Test.DashboardTest"/>
  <testcase name="PowerOff" time="19.662" classname="MyAccount.com.Test.DashboardTest"/>
  <testcase name="PowerOn" time="11.854" classname="MyAccount.com.Test.DashboardTest"/>
  <testcase name="Terminate" time="118.422" classname="MyAccount.com.Test.DashboardTest"/>
  <testcase name="RedirectDashboard" time="22.352" classname="MyAccount.com.Test.DashboardTest"/>
</testsuite> <!-- MyAccount.com.Test.DashboardTest -->
