<?xml version="1.0" encoding="UTF-8"?>
<!-- Generated by org.testng.reporters.JUnitReportReporter -->
<testsuite skipped="0" hostname="LAPTOP-L985K8DT" name="MyAccount.com.pages.CreateNodePage" tests="1" failures="0" timestamp="07 Jun 2019 07:21:43 GMT" time="6.342" errors="0">
  <testcase name="inititalization" time="6.342" classname="MyAccount.com.pages.CreateNodePage"/>
</testsuite> <!-- MyAccount.com.pages.CreateNodePage -->
