<?xml version="1.0" encoding="UTF-8"?>
<!-- Generated by org.testng.reporters.JUnitReportReporter -->
<testsuite skipped="0" hostname="LAPTOP-I2DQ2R0M" name="MyAccount.com.Test.Appliances" tests="3" failures="0" timestamp="10 Jul 2019 12:42:36 GMT" time="107.543" errors="0">
  <testcase name="Create_Appliance" time="59.361" classname="MyAccount.com.Test.Appliances"/>
  <testcase name="Terminate_Appliance" time="27.516" classname="MyAccount.com.Test.Appliances"/>
  <testcase name="Close" time="20.666" classname="MyAccount.com.Test.Appliances"/>
</testsuite> <!-- MyAccount.com.Test.Appliances -->
