<?xml version="1.0" encoding="UTF-8"?>
<!-- Generated by org.testng.reporters.JUnitReportReporter -->
<testsuite skipped="0" hostname="LAPTOP-I2DQ2R0M" name="MyAccount.com.Test.API" tests="3" failures="0" timestamp="10 Jul 2019 12:42:36 GMT" time="74.421" errors="0">
  <testcase name="Generate_Token" time="42.668" classname="MyAccount.com.Test.API"/>
  <testcase name="Delete_Token" time="11.092" classname="MyAccount.com.Test.API"/>
  <testcase name="Close" time="20.661" classname="MyAccount.com.Test.API"/>
</testsuite> <!-- MyAccount.com.Test.API -->
