<?xml version="1.0" encoding="UTF-8"?>
<!-- Generated by org.testng.reporters.JUnitReportReporter -->
<testsuite skipped="0" hostname="LAPTOP-I2DQ2R0M" name="MyAccount.com.Test.SSLTest" tests="1" failures="0" timestamp="10 Jul 2019 12:42:36 GMT" time="42.305" errors="0">
  <testcase name="sslfillformtest" time="42.305" classname="MyAccount.com.Test.SSLTest"/>
</testsuite> <!-- MyAccount.com.Test.SSLTest -->
