<?xml version="1.0" encoding="UTF-8"?>
<!-- Generated by org.testng.reporters.JUnitReportReporter -->
<testsuite skipped="0" hostname="LAPTOP-I2DQ2R0M" name="MyAccount.com.Test.SSLTest" tests="1" failures="0" timestamp="01 Jul 2019 12:33:59 GMT" time="46.477" errors="0">
  <testcase name="sslfillformtest" time="46.477" classname="MyAccount.com.Test.SSLTest"/>
</testsuite> <!-- MyAccount.com.Test.SSLTest -->
