<?xml version="1.0" encoding="UTF-8"?>
<!-- Generated by org.testng.reporters.JUnitReportReporter -->
<testsuite skipped="0" hostname="LAPTOP-I2DQ2R0M" name="MyAccount.com.Test.CreateNodePageTest" tests="1" failures="0" timestamp="26 Jun 2019 07:32:35 GMT" time="32.726" errors="0">
  <testcase name="createnode" time="32.726" classname="MyAccount.com.Test.CreateNodePageTest"/>
</testsuite> <!-- MyAccount.com.Test.CreateNodePageTest -->
