<?xml version="1.0" encoding="UTF-8"?>
<!-- Generated by org.testng.reporters.JUnitReportReporter -->
<testsuite skipped="0" hostname="LAPTOP-I2DQ2R0M" name="MyAccount.com.Test.ProfileUpdateTest" tests="1" failures="0" timestamp="03 Sep 2019 12:47:45 GMT" time="29.951" errors="0">
  <testcase name="updatepro" time="29.951" classname="MyAccount.com.Test.ProfileUpdateTest"/>
</testsuite> <!-- MyAccount.com.Test.ProfileUpdateTest -->
