<?xml version="1.0" encoding="UTF-8"?>
<!-- Generated by org.testng.reporters.JUnitReportReporter -->
<testsuite skipped="0" hostname="LAPTOP-I2DQ2R0M" name="MyAccount.com.Test.Dataprovidertest" tests="2" failures="0" timestamp="14 Jun 2019 05:19:51 GMT" time="15.253" errors="0">
  <testcase name="test" time="7.945" classname="MyAccount.com.Test.Dataprovidertest"/>
  <testcase name="test" time="7.308" classname="MyAccount.com.Test.Dataprovidertest"/>
</testsuite> <!-- MyAccount.com.Test.Dataprovidertest -->
