<?xml version="1.0" encoding="UTF-8"?>
<!-- Generated by org.testng.reporters.JUnitReportReporter -->
<testsuite skipped="0" hostname="LAPTOP-L985K8DT" name="MyAccount.com.Test.LoginTestcases" tests="2" failures="0" timestamp="04 Jun 2019 06:10:23 GMT" time="19.957" errors="0">
  <testcase name="inititalization" time="11.195" classname="MyAccount.com.Test.LoginTestcases"/>
  <testcase name="validatee2elogo" time="8.762" classname="MyAccount.com.Test.LoginTestcases"/>
</testsuite> <!-- MyAccount.com.Test.LoginTestcases -->
