<?xml version="1.0" encoding="UTF-8"?>
<!-- Generated by org.testng.reporters.JUnitReportReporter -->
<testsuite skipped="0" hostname="LAPTOP-I2DQ2R0M" name="MyAccount.com.Test.Billingcontact" tests="2" failures="0" timestamp="14 Jun 2019 06:59:46 GMT" time="79.041" errors="0">
  <testcase name="billingcontact1" time="39.117" classname="MyAccount.com.Test.Billingcontact"/>
  <testcase name="billingcontact1" time="39.924" classname="MyAccount.com.Test.Billingcontact"/>
</testsuite> <!-- MyAccount.com.Test.Billingcontact -->
