<?xml version="1.0" encoding="UTF-8"?>
<!-- Generated by org.testng.reporters.JUnitReportReporter -->
<testsuite skipped="0" hostname="LAPTOP-I2DQ2R0M" name="MyAccount.com.Test.SSLTest" tests="1" failures="0" timestamp="04 Jul 2019 11:20:19 GMT" time="44.467" errors="0">
  <testcase name="sslfillformtest" time="44.467" classname="MyAccount.com.Test.SSLTest"/>
</testsuite> <!-- MyAccount.com.Test.SSLTest -->
