<?xml version="1.0" encoding="UTF-8"?>
<!-- Generated by org.testng.reporters.JUnitReportReporter -->
<testsuite skipped="0" hostname="LAPTOP-L985K8DT" name="MyAccount.com.pages.LoginPage" tests="1" failures="0" timestamp="06 Jun 2019 09:10:04 GMT" time="6.596" errors="0">
  <testcase name="inititalization" time="6.596" classname="MyAccount.com.pages.LoginPage"/>
</testsuite> <!-- MyAccount.com.pages.LoginPage -->
