<?xml version="1.0" encoding="UTF-8"?>
<!-- Generated by org.testng.reporters.JUnitReportReporter -->
<testsuite skipped="0" hostname="LAPTOP-I2DQ2R0M" name="MyAccount.com.pages.PaymentPage" tests="1" failures="0" timestamp="19 Jun 2019 06:38:01 GMT" time="22.212" errors="0">
  <testcase name="RecurringPayment" time="22.212" classname="MyAccount.com.pages.PaymentPage"/>
</testsuite> <!-- MyAccount.com.pages.PaymentPage -->
