<?xml version="1.0" encoding="UTF-8"?>
<!-- Generated by org.testng.reporters.JUnitReportReporter -->
<testsuite skipped="0" hostname="LAPTOP-I2DQ2R0M" name="MyAccount.com.Test.PaymentTest" tests="5" failures="0" timestamp="12 Jul 2019 11:41:05 GMT" time="141.914" errors="0">
  <testcase name="AccountStatement" time="16.891" classname="MyAccount.com.Test.PaymentTest"/>
  <testcase name="SignedInvoices" time="13.316" classname="MyAccount.com.Test.PaymentTest"/>
  <testcase name="BankAccountDetails" time="13.556" classname="MyAccount.com.Test.PaymentTest"/>
  <testcase name="PayNow" time="68.126" classname="MyAccount.com.Test.PaymentTest"/>
  <testcase name="RecurringPayment" time="30.025" classname="MyAccount.com.Test.PaymentTest"/>
</testsuite> <!-- MyAccount.com.Test.PaymentTest -->
