<?xml version="1.0" encoding="UTF-8"?>
<!-- Generated by org.testng.reporters.JUnitReportReporter -->
<testsuite skipped="1" hostname="LAPTOP-I2DQ2R0M" name="MyAccount.com.Test.loginpagetrytest" tests="1" failures="0" timestamp="14 Jun 2019 12:17:43 GMT" time="0.000" errors="0">
  <testcase name="loginwithusers" time="0.000" classname="MyAccount.com.Test.loginpagetrytest">
    <skipped/>
  </testcase> <!-- loginwithusers -->
</testsuite> <!-- MyAccount.com.Test.loginpagetrytest -->
