<?xml version="1.0" encoding="UTF-8"?>
<!-- Generated by org.testng.reporters.JUnitReportReporter -->
<testsuite skipped="0" hostname="LAPTOP-I2DQ2R0M" name="MyAccount.com.Test.ProfileUpdateTest" tests="1" failures="0" timestamp="01 Jul 2019 12:33:59 GMT" time="35.416" errors="0">
  <testcase name="updatepro" time="35.416" classname="MyAccount.com.Test.ProfileUpdateTest"/>
</testsuite> <!-- MyAccount.com.Test.ProfileUpdateTest -->
