<?xml version="1.0" encoding="UTF-8"?>
<!-- Generated by org.testng.reporters.JUnitReportReporter -->
<testsuite skipped="0" hostname="LAPTOP-I2DQ2R0M" name="MyAccount.com.Test.PaymentTest" tests="5" failures="0" timestamp="01 Jul 2019 12:33:59 GMT" time="140.194" errors="0">
  <testcase name="AccountStatement" time="16.761" classname="MyAccount.com.Test.PaymentTest"/>
  <testcase name="SignedInvoices" time="12.483" classname="MyAccount.com.Test.PaymentTest"/>
  <testcase name="BankAccountDetails" time="12.005" classname="MyAccount.com.Test.PaymentTest"/>
  <testcase name="PayNow" time="68.921" classname="MyAccount.com.Test.PaymentTest"/>
  <testcase name="RecurringPayment" time="30.024" classname="MyAccount.com.Test.PaymentTest"/>
</testsuite> <!-- MyAccount.com.Test.PaymentTest -->
