<?xml version="1.0" encoding="UTF-8"?>
<!-- Generated by org.testng.reporters.JUnitReportReporter -->
<testsuite skipped="0" hostname="LAPTOP-L985K8DT" name="MyAcount.com.Base.TestBaseNew" tests="1" failures="0" timestamp="06 Jun 2019 09:20:12 GMT" time="5.657" errors="0">
  <testcase name="inititalization" time="5.657" classname="MyAcount.com.Base.TestBaseNew"/>
</testsuite> <!-- MyAcount.com.Base.TestBaseNew -->
