<?xml version="1.0" encoding="UTF-8"?>
<!-- Generated by org.testng.reporters.JUnitReportReporter -->
<testsuite skipped="0" hostname="LAPTOP-I2DQ2R0M" name="MyAccount.com.Test.DashboardTest" tests="5" failures="0" timestamp="11 Jul 2019 10:53:29 GMT" time="235.015" errors="0">
  <testcase name="CreateNode" time="79.304" classname="MyAccount.com.Test.DashboardTest"/>
  <testcase name="PowerOff" time="13.363" classname="MyAccount.com.Test.DashboardTest"/>
  <testcase name="PowerOn" time="11.323" classname="MyAccount.com.Test.DashboardTest"/>
  <testcase name="Terminate" time="109.810" classname="MyAccount.com.Test.DashboardTest"/>
  <testcase name="RedirectDashboard" time="21.215" classname="MyAccount.com.Test.DashboardTest"/>
</testsuite> <!-- MyAccount.com.Test.DashboardTest -->
