<?xml version="1.0" encoding="UTF-8"?>
<!-- Generated by org.testng.reporters.JUnitReportReporter -->
<testsuite skipped="0" hostname="LAPTOP-I2DQ2R0M" name="MyAccount.com.Test.ProfileUpdateTest" tests="1" failures="0" timestamp="03 Jul 2019 09:49:08 GMT" time="34.940" errors="0">
  <testcase name="updatepro" time="34.940" classname="MyAccount.com.Test.ProfileUpdateTest"/>
</testsuite> <!-- MyAccount.com.Test.ProfileUpdateTest -->
