<?xml version="1.0" encoding="UTF-8"?>
<!-- Generated by org.testng.reporters.JUnitReportReporter -->
<testsuite skipped="0" hostname="LAPTOP-I2DQ2R0M" name="MyAccount.com.Test.API" tests="3" failures="0" timestamp="04 Jul 2019 11:03:26 GMT" time="76.467" errors="0">
  <testcase name="Generate_Token" time="44.024" classname="MyAccount.com.Test.API"/>
  <testcase name="Delete_Token" time="11.776" classname="MyAccount.com.Test.API"/>
  <testcase name="Close" time="20.667" classname="MyAccount.com.Test.API"/>
</testsuite> <!-- MyAccount.com.Test.API -->
