<?xml version="1.0" encoding="UTF-8"?>
<!-- Generated by org.testng.reporters.JUnitReportReporter -->
<testsuite skipped="0" hostname="LAPTOP-I2DQ2R0M" name="MyAccount.com.Test.SSLTest" tests="1" failures="0" timestamp="03 Jul 2019 09:49:08 GMT" time="48.793" errors="0">
  <testcase name="sslfillformtest" time="48.793" classname="MyAccount.com.Test.SSLTest"/>
</testsuite> <!-- MyAccount.com.Test.SSLTest -->
