<?xml version="1.0" encoding="UTF-8"?>
<!-- Generated by org.testng.reporters.JUnitReportReporter -->
<testsuite skipped="0" hostname="LAPTOP-I2DQ2R0M" name="MyAccount.com.Test.Appliances" tests="2" failures="0" timestamp="03 Jul 2019 09:49:08 GMT" time="91.435" errors="0">
  <testcase name="Create_Appliance" time="61.418" classname="MyAccount.com.Test.Appliances"/>
  <testcase name="Terminate_Appliance" time="30.017" classname="MyAccount.com.Test.Appliances"/>
</testsuite> <!-- MyAccount.com.Test.Appliances -->
