<?xml version="1.0" encoding="UTF-8"?>
<!-- Generated by org.testng.reporters.JUnitReportReporter -->
<testsuite skipped="0" hostname="LAPTOP-I2DQ2R0M" name="MyAccount.com.Test.Appliances" tests="3" failures="0" timestamp="04 Jul 2019 11:03:26 GMT" time="111.939" errors="0">
  <testcase name="Create_Appliance" time="61.116" classname="MyAccount.com.Test.Appliances"/>
  <testcase name="Terminate_Appliance" time="30.011" classname="MyAccount.com.Test.Appliances"/>
  <testcase name="Close" time="20.812" classname="MyAccount.com.Test.Appliances"/>
</testsuite> <!-- MyAccount.com.Test.Appliances -->
