<?xml version="1.0" encoding="UTF-8"?>
<!-- Generated by org.testng.reporters.JUnitReportReporter -->
<testsuite skipped="0" hostname="LAPTOP-I2DQ2R0M" name="MyAccount.com.Test.API" tests="2" failures="0" timestamp="03 Jul 2019 09:49:08 GMT" time="61.861" errors="0">
  <testcase name="Generate_Token" time="45.863" classname="MyAccount.com.Test.API"/>
  <testcase name="Delete_Token" time="15.998" classname="MyAccount.com.Test.API"/>
</testsuite> <!-- MyAccount.com.Test.API -->
